<?xml version="1.0" encoding="UTF-8"?>
<!-- Generated by org.testng.reporters.JUnitReportReporter -->
<testsuite skipped="0" hostname="NividousKeyur" name="com.suite2.AddUserTestCase" tests="1" failures="0" timestamp="17 Oct 2019 08:19:31 GMT" time="0.005" errors="0">
  <testcase name="addUserWithValidData" time="0.005" classname="com.suite2.AddUserTestCase"/>
</testsuite> <!-- com.suite2.AddUserTestCase -->
