<?xml version="1.0" encoding="UTF-8"?>
<!-- Generated by org.testng.reporters.JUnitReportReporter -->
<testsuite skipped="0" hostname="NividousKeyur" name="AlertPopup.WindowExamples" tests="1" failures="0" timestamp="03 Feb 2020 14:27:48 GMT" time="26.097" errors="0">
  <testcase name="test_CloseAllWindowsExceptMainWindow" time="26.097" classname="AlertPopup.WindowExamples"/>
</testsuite> <!-- AlertPopup.WindowExamples -->
