<?xml version="1.0" encoding="UTF-8"?>
<!-- Generated by org.testng.reporters.JUnitReportReporter -->
<testsuite skipped="0" hostname="NividousKeyur" name="com.suite1.AddTestCase" tests="1" failures="0" timestamp="17 Oct 2019 08:19:31 GMT" time="0.006" errors="0">
  <testcase name="addLocationTestCase" time="0.006" classname="com.suite1.AddTestCase"/>
</testsuite> <!-- com.suite1.AddTestCase -->
