<?xml version="1.0" encoding="UTF-8"?>
<!-- Generated by org.testng.reporters.JUnitReportReporter -->
<testsuite skipped="0" hostname="NividousKeyur" name="TestNG.ParametrizedTest" tests="1" failures="0" timestamp="14 Feb 2020 10:26:42 GMT" time="0.800" errors="0">
  <testcase name="YahooLoginTest" time="0.800" classname="TestNG.ParametrizedTest"/>
</testsuite> <!-- TestNG.ParametrizedTest -->
