<?xml version="1.0" encoding="UTF-8"?>
<!-- Generated by org.testng.reporters.JUnitReportReporter -->
<testsuite skipped="0" hostname="NividousKeyur" name="MouseEvent.MouseHover2" tests="1" failures="0" timestamp="13 Feb 2020 11:13:18 GMT" time="0.252" errors="0">
  <testcase name="test" time="0.252" classname="MouseEvent.MouseHover2"/>
</testsuite> <!-- MouseEvent.MouseHover2 -->
