<?xml version="1.0" encoding="UTF-8"?>
<!-- Generated by org.testng.reporters.JUnitReportReporter -->
<testsuite skipped="0" hostname="NividousKeyur" name="MouseEvent.MouseHover1" tests="1" failures="0" timestamp="13 Feb 2020 10:49:26 GMT" time="0.950" errors="0">
  <testcase name="test" time="0.950" classname="MouseEvent.MouseHover1"/>
</testsuite> <!-- MouseEvent.MouseHover1 -->
