<?xml version="1.0" encoding="UTF-8"?>
<!-- Generated by org.testng.reporters.JUnitReportReporter -->
<testsuite skipped="0" hostname="NividousKeyur" name="com.suite2.GoogleMail" tests="1" failures="0" timestamp="17 Oct 2019 08:19:31 GMT" time="0.642" errors="0">
  <testcase name="login" time="0.642" classname="com.suite2.GoogleMail"/>
</testsuite> <!-- com.suite2.GoogleMail -->
