<?xml version="1.0" encoding="UTF-8"?>
<!-- Generated by org.testng.reporters.JUnitReportReporter -->
<testsuite skipped="0" hostname="NividousKeyur" name="TestNG.AnnotationsTest" tests="1" failures="0" timestamp="02 Jan 2020 09:46:33 GMT" time="0.031" errors="0">
  <testcase name="first" time="0.031" classname="TestNG.AnnotationsTest"/>
</testsuite> <!-- TestNG.AnnotationsTest -->
