<?xml version="1.0" encoding="UTF-8"?>
<!-- Generated by org.testng.reporters.JUnitReportReporter -->
<testsuite skipped="0" hostname="NividousKeyur" name="CaptureScreenshot" tests="2" failures="0" timestamp="17 Oct 2019 08:13:27 GMT" time="0.824" errors="0">
  <testcase name="test" time="0.441" classname="CaptureScreenshot"/>
  <testcase name="test2" time="0.383" classname="CaptureScreenshot"/>
</testsuite> <!-- CaptureScreenshot -->
