<?xml version="1.0" encoding="UTF-8"?>
<!-- Generated by org.testng.reporters.JUnitReportReporter -->
<testsuite skipped="0" hostname="NividousKeyur" name="com.suite1.YahooMail" tests="1" failures="0" timestamp="17 Oct 2019 08:19:31 GMT" time="5.718" errors="0">
  <testcase name="login" time="5.718" classname="com.suite1.YahooMail"/>
</testsuite> <!-- com.suite1.YahooMail -->
