<?xml version="1.0" encoding="UTF-8"?>
<!-- Generated by org.testng.reporters.JUnitReportReporter -->
<testsuite skipped="0" hostname="NividousKeyur" name="TestNG.InvocationCount" tests="5" failures="0" timestamp="14 Feb 2020 07:18:51 GMT" time="0.052" errors="0">
  <testcase name="Test" time="0.019" classname="TestNG.InvocationCount"/>
  <testcase name="Test" time="0.010" classname="TestNG.InvocationCount"/>
  <testcase name="Test" time="0.007" classname="TestNG.InvocationCount"/>
  <testcase name="Test" time="0.009" classname="TestNG.InvocationCount"/>
  <testcase name="Test" time="0.007" classname="TestNG.InvocationCount"/>
</testsuite> <!-- TestNG.InvocationCount -->
