<?xml version="1.0" encoding="UTF-8"?>
<!-- Generated by org.testng.reporters.JUnitReportReporter -->
<testsuite skipped="0" hostname="NividousKeyur" name="ScrollPage" tests="2" failures="0" timestamp="10 Feb 2020 08:07:03 GMT" time="6.072" errors="0">
  <testcase name="Scroll_Page" time="3.031" classname="ScrollPage"/>
  <testcase name="Scroll_Page" time="3.041" classname="ScrollPage"/>
</testsuite> <!-- ScrollPage -->
