<?xml version="1.0" encoding="UTF-8"?>
<!-- Generated by org.testng.reporters.JUnitReportReporter -->
<testsuite skipped="0" hostname="Nividous" name="com.suite2.Amazon" tests="1" failures="0" timestamp="13 Jun 2019 14:05:36 GMT" time="6.286" errors="0">
  <testcase name="login" time="6.286" classname="com.suite2.Amazon"/>
</testsuite> <!-- com.suite2.Amazon -->
