<?xml version="1.0" encoding="UTF-8"?>
<!-- Generated by org.testng.reporters.JUnitReportReporter -->
<testsuite skipped="0" hostname="NividousKeyur" name="assertionexp.AssertionExample" tests="1" failures="0" timestamp="23 Jan 2020 10:00:36 GMT" time="20.935" errors="0">
  <testcase name="asseration" time="20.935" classname="assertionexp.AssertionExample"/>
</testsuite> <!-- assertionexp.AssertionExample -->
