<?xml version="1.0" encoding="UTF-8"?>
<!-- Generated by org.testng.reporters.JUnitReportReporter -->
<testsuite skipped="0" hostname="NividousKeyur" name="ScrollPage" tests="2" failures="0" timestamp="06 Dec 2019 09:19:58 GMT" time="6.149" errors="0">
  <testcase name="Scroll_Page" time="3.022" classname="ScrollPage"/>
  <testcase name="Scroll_Page" time="3.127" classname="ScrollPage"/>
</testsuite> <!-- ScrollPage -->
