<?xml version="1.0" encoding="UTF-8"?>
<!-- Generated by org.testng.reporters.JUnitReportReporter -->
<testsuite skipped="0" hostname="NividousKeyur" name="MultipleWindowsClass" tests="1" failures="0" timestamp="29 Jan 2020 08:57:55 GMT" time="37.296" errors="0">
  <testcase name="testMultipleWindows" time="37.296" classname="MultipleWindowsClass"/>
</testsuite> <!-- MultipleWindowsClass -->
