<?xml version="1.0" encoding="UTF-8"?>
<!-- Generated by org.testng.reporters.JUnitReportReporter -->
<testsuite skipped="0" hostname="Nividous" name="TestCaseGroup" tests="4" failures="0" timestamp="20 Jun 2019 12:47:13 GMT" time="0.063" errors="0">
  <testcase name="viewNews" time="0.008" classname="TestCaseGroup"/>
  <testcase name="logIn" time="0.019" classname="TestCaseGroup"/>
  <testcase name="checkMail" time="0.031" classname="TestCaseGroup"/>
  <testcase name="logOut" time="0.005" classname="TestCaseGroup"/>
</testsuite> <!-- TestCaseGroup -->
