<?xml version="1.0" encoding="UTF-8"?>
<!-- Generated by org.testng.reporters.JUnitReportReporter -->
<testsuite skipped="0" hostname="NividousKeyur" name="javascriptexecutor.WebpageDataUsingJS" tests="1" failures="0" timestamp="23 Jan 2020 11:55:19 GMT" time="101.731" errors="0">
  <testcase name="Login" time="101.731" classname="javascriptexecutor.WebpageDataUsingJS"/>
</testsuite> <!-- javascriptexecutor.WebpageDataUsingJS -->
