<?xml version="1.0" encoding="UTF-8"?>
<!-- Generated by org.testng.reporters.JUnitReportReporter -->
<testsuite skipped="0" hostname="Nividous" name="WindowSizePosition" tests="2" failures="0" timestamp="20 Jun 2019 10:36:41 GMT" time="0.418" errors="0">
  <testcase name="setGetWinSize" time="0.281" classname="WindowSizePosition"/>
  <testcase name="setGetWinPosition" time="0.137" classname="WindowSizePosition"/>
</testsuite> <!-- WindowSizePosition -->
