<?xml version="1.0" encoding="UTF-8"?>
<!-- Generated by org.testng.reporters.JUnitReportReporter -->
<testsuite skipped="0" hostname="Nividous" name="AutoIT.AutoIt_Test" tests="1" failures="0" timestamp="20 Jun 2019 10:07:40 GMT" time="20.283" errors="0">
  <testcase name="testCaseOne_Test_One" time="20.283" classname="AutoIT.AutoIt_Test"/>
</testsuite> <!-- AutoIT.AutoIt_Test -->
