<?xml version="1.0" encoding="UTF-8"?>
<!-- Generated by org.testng.reporters.JUnitReportReporter -->
<testsuite skipped="0" hostname="NividousKeyur" name="ScreenShot" tests="1" failures="0" timestamp="05 Feb 2020 11:41:44 GMT" time="0.907" errors="0">
  <testcase name="test" time="0.907" classname="ScreenShot"/>
</testsuite> <!-- ScreenShot -->
