<?xml version="1.0" encoding="UTF-8"?>
<!-- Generated by org.testng.reporters.JUnitReportReporter -->
<testsuite skipped="0" hostname="NividousKeyur" name="TestNG.AnnotationsTest" tests="1" failures="0" timestamp="13 Feb 2020 14:03:28 GMT" time="0.009" errors="0">
  <testcase name="first" time="0.009" classname="TestNG.AnnotationsTest"/>
</testsuite> <!-- TestNG.AnnotationsTest -->
