<?xml version="1.0" encoding="UTF-8"?>
<!-- Generated by org.testng.reporters.JUnitReportReporter -->
<testsuite skipped="0" hostname="Nividous" name="DragAndDrop" tests="1" failures="0" timestamp="28 Jun 2019 11:59:26 GMT" time="5.678" errors="0">
  <testcase name="dragAndDrop" time="5.678" classname="DragAndDrop"/>
</testsuite> <!-- DragAndDrop -->
